<?xml version="1.0" encoding="UTF-8"?>
<!-- Generated by org.testng.reporters.JUnitReportReporter -->
<testsuite skipped="0" hostname="DESKTOP-G2GAFGN" name="test.testng.works.AdactinTestNG" tests="1" failures="0" timestamp="19 Apr 2022 16:28:11 GMT" time="8.538" errors="0">
  <testcase name="loginTestCase" time="8.538" classname="test.testng.works.AdactinTestNG"/>
</testsuite> <!-- test.testng.works.AdactinTestNG -->
