<?xml version="1.0" encoding="UTF-8"?>
<!-- Generated by org.testng.reporters.JUnitReportReporter -->
<testsuite skipped="0" hostname="DESKTOP-G2GAFGN" name="test.testng.works.AdactinTestNGPriority" tests="3" failures="0" timestamp="19 Apr 2022 16:06:23 GMT" time="4.633" errors="0">
  <testcase name="username" time="2.563" classname="test.testng.works.AdactinTestNGPriority"/>
  <testcase name="password" time="0.933" classname="test.testng.works.AdactinTestNGPriority"/>
  <testcase name="login" time="1.137" classname="test.testng.works.AdactinTestNGPriority"/>
</testsuite> <!-- test.testng.works.AdactinTestNGPriority -->
